c:\users\sean\desktop\virtual\cci\mechanics\mechanics\debug\vc120.pdb
c:\users\sean\desktop\virtual\cci\mechanics\mechanics\debug\vc120.idb
c:\users\sean\desktop\virtual\cci\mechanics\mechanics\debug\model.obj
c:\users\sean\desktop\virtual\cci\mechanics\mechanics\debug\mechanics.obj
c:\users\sean\desktop\virtual\cci\mechanics\debug\mechanics.pdb
c:\users\sean\desktop\virtual\cci\mechanics\mechanics\debug\mechanics.tlog\cl.command.1.tlog
c:\users\sean\desktop\virtual\cci\mechanics\mechanics\debug\mechanics.tlog\cl.read.1.tlog
c:\users\sean\desktop\virtual\cci\mechanics\mechanics\debug\mechanics.tlog\cl.write.1.tlog
c:\users\sean\desktop\virtual\cci\mechanics\mechanics\debug\mechanics.tlog\link-cvtres.read.1.tlog
c:\users\sean\desktop\virtual\cci\mechanics\mechanics\debug\mechanics.tlog\link-cvtres.write.1.tlog
c:\users\sean\desktop\virtual\cci\mechanics\mechanics\debug\mechanics.tlog\link-rc.read.1.tlog
c:\users\sean\desktop\virtual\cci\mechanics\mechanics\debug\mechanics.tlog\link-rc.write.1.tlog
c:\users\sean\desktop\virtual\cci\mechanics\mechanics\debug\mechanics.tlog\link.7788-cvtres.read.1.tlog
c:\users\sean\desktop\virtual\cci\mechanics\mechanics\debug\mechanics.tlog\link.7788-cvtres.write.1.tlog
c:\users\sean\desktop\virtual\cci\mechanics\mechanics\debug\mechanics.tlog\link.7788-rc.read.1.tlog
c:\users\sean\desktop\virtual\cci\mechanics\mechanics\debug\mechanics.tlog\link.7788-rc.write.1.tlog
c:\users\sean\desktop\virtual\cci\mechanics\mechanics\debug\mechanics.tlog\link.7788.read.1.tlog
c:\users\sean\desktop\virtual\cci\mechanics\mechanics\debug\mechanics.tlog\link.7788.write.1.tlog
c:\users\sean\desktop\virtual\cci\mechanics\mechanics\debug\mechanics.tlog\link.command.1.tlog
c:\users\sean\desktop\virtual\cci\mechanics\mechanics\debug\mechanics.tlog\link.read.1.tlog
c:\users\sean\desktop\virtual\cci\mechanics\mechanics\debug\mechanics.tlog\link.write.1.tlog
